# JRE version: Java(TM) SE Runtime Environment (8.0_221-b11) (build 1.8.0_221-b11)
# Java VM: Java HotSpot(TM) 64-Bit Server VM (25.221-b11 mixed mode windows-amd64 compressed oops)
Heap:
 PSYoungGen      total 501760K, used 308001K [0x00000000d5980000, 0x00000000f9080000, 0x0000000100000000)
  eden space 450048K, 68% used [0x00000000d5980000,0x00000000e8648530,0x00000000f1100000)
  from space 51712K, 0% used [0x00000000f4400000,0x00000000f4400000,0x00000000f7680000)
  to   space 52224K, 0% used [0x00000000f1100000,0x00000000f1100000,0x00000000f4400000)
 ParOldGen       total 135680K, used 54753K [0x0000000080c00000, 0x0000000089080000, 0x00000000d5980000)
  object space 135680K, 40% used [0x0000000080c00000,0x00000000841787c0,0x0000000089080000)
 Metaspace       used 64450K, capacity 65622K, committed 66176K, reserved 1107968K
  class space    used 8024K, capacity 8318K, committed 8320K, reserved 1048576K
GC Heap History (10 events):
Event: 17.585 GC heap before
{Heap before GC invocations=11 (full 2):
 PSYoungGen      total 246272K, used 24041K [0x00000000d5980000, 0x00000000ef300000, 0x0000000100000000)
  eden space 222208K, 0% used [0x00000000d5980000,0x00000000d5980000,0x00000000e3280000)
  from space 24064K, 99% used [0x00000000e3280000,0x00000000e49fa730,0x00000000e4a00000)
  to   space 35328K, 0% used [0x00000000ed080000,0x00000000ed080000,0x00000000ef300000)
 ParOldGen       total 54784K, used 50454K [0x0000000080c00000, 0x0000000084180000, 0x00000000d5980000)
  object space 54784K, 92% used [0x0000000080c00000,0x0000000083d45ac0,0x0000000084180000)
 Metaspace       used 28562K, capacity 29228K, committed 29440K, reserved 1075200K
  class space    used 3291K, capacity 3506K, committed 3584K, reserved 1048576K
Event: 17.665 GC heap after
Heap after GC invocations=11 (full 2):
 PSYoungGen      total 246272K, used 0K [0x00000000d5980000, 0x00000000ef300000, 0x0000000100000000)
  eden space 222208K, 0% used [0x00000000d5980000,0x00000000d5980000,0x00000000e3280000)
  from space 24064K, 0% used [0x00000000e3280000,0x00000000e3280000,0x00000000e4a00000)
  to   space 35328K, 0% used [0x00000000ed080000,0x00000000ed080000,0x00000000ef300000)
 ParOldGen       total 120320K, used 52261K [0x0000000080c00000, 0x0000000088180000, 0x00000000d5980000)
  object space 120320K, 43% used [0x0000000080c00000,0x0000000083f09530,0x0000000088180000)
 Metaspace       used 28562K, capacity 29228K, committed 29440K, reserved 1075200K
  class space    used 3291K, capacity 3506K, committed 3584K, reserved 1048576K
}
Event: 18.087 GC heap before
{Heap before GC invocations=12 (full 2):
 PSYoungGen      total 246272K, used 222208K [0x00000000d5980000, 0x00000000ef300000, 0x0000000100000000)
  eden space 222208K, 100% used [0x00000000d5980000,0x00000000e3280000,0x00000000e3280000)
  from space 24064K, 0% used [0x00000000e3280000,0x00000000e3280000,0x00000000e4a00000)
  to   space 35328K, 0% used [0x00000000ed080000,0x00000000ed080000,0x00000000ef300000)
 ParOldGen       total 120320K, used 52261K [0x0000000080c00000, 0x0000000088180000, 0x00000000d5980000)
  object space 120320K, 43% used [0x0000000080c00000,0x0000000083f09530,0x0000000088180000)
 Metaspace       used 28587K, capacity 29330K, committed 29440K, reserved 1075200K
  class space    used 3295K, capacity 3540K, committed 3584K, reserved 1048576K
Event: 18.115 GC heap after
Heap after GC invocations=12 (full 2):
 PSYoungGen      total 350208K, used 35320K [0x00000000d5980000, 0x00000000ef300000, 0x0000000100000000)
  eden space 314880K, 0% used [0x00000000d5980000,0x00000000d5980000,0x00000000e8d00000)
  from space 35328K, 99% used [0x00000000ed080000,0x00000000ef2fe020,0x00000000ef300000)
  to   space 40960K, 0% used [0x00000000ea300000,0x00000000ea300000,0x00000000ecb00000)
 ParOldGen       total 120320K, used 52650K [0x0000000080c00000, 0x0000000088180000, 0x00000000d5980000)
  object space 120320K, 43% used [0x0000000080c00000,0x0000000083f6a820,0x0000000088180000)
 Metaspace       used 28587K, capacity 29330K, committed 29440K, reserved 1075200K
  class space    used 3295K, capacity 3540K, committed 3584K, reserved 1048576K
}
Event: 18.734 GC heap before
{Heap before GC invocations=13 (full 2):
 PSYoungGen      total 350208K, used 350200K [0x00000000d5980000, 0x00000000ef300000, 0x0000000100000000)
  eden space 314880K, 100% used [0x00000000d5980000,0x00000000e8d00000,0x00000000e8d00000)
  from space 35328K, 99% used [0x00000000ed080000,0x00000000ef2fe020,0x00000000ef300000)
  to   space 40960K, 0% used [0x00000000ea300000,0x00000000ea300000,0x00000000ecb00000)
 ParOldGen       total 120320K, used 52650K [0x0000000080c00000, 0x0000000088180000, 0x00000000d5980000)
  object space 120320K, 43% used [0x0000000080c00000,0x0000000083f6a820,0x0000000088180000)
 Metaspace       used 28626K, capacity 29400K, committed 29696K, reserved 1075200K
  class space    used 3298K, capacity 3541K, committed 3584K, reserved 1048576K
Event: 18.773 GC heap after
Heap after GC invocations=13 (full 2):
 PSYoungGen      total 378368K, used 40940K [0x00000000d5980000, 0x00000000f7680000, 0x0000000100000000)
  eden space 337408K, 0% used [0x00000000d5980000,0x00000000d5980000,0x00000000ea300000)
  from space 40960K, 99% used [0x00000000ea300000,0x00000000ecafb2c8,0x00000000ecb00000)
  to   space 51712K, 0% used [0x00000000f4400000,0x00000000f4400000,0x00000000f7680000)
 ParOldGen       total 120320K, used 63781K [0x0000000080c00000, 0x0000000088180000, 0x00000000d5980000)
  object space 120320K, 53% used [0x0000000080c00000,0x0000000084a49538,0x0000000088180000)
 Metaspace       used 28626K, capacity 29400K, committed 29696K, reserved 1075200K
  class space    used 3298K, capacity 3541K, committed 3584K, reserved 1048576K
}
Event: 20.329 GC heap before
{Heap before GC invocations=14 (full 2):
 PSYoungGen      total 378368K, used 322746K [0x00000000d5980000, 0x00000000f7680000, 0x0000000100000000)
  eden space 337408K, 83% used [0x00000000d5980000,0x00000000e6cb35d0,0x00000000ea300000)
  from space 40960K, 99% used [0x00000000ea300000,0x00000000ecafb2c8,0x00000000ecb00000)
  to   space 51712K, 0% used [0x00000000f4400000,0x00000000f4400000,0x00000000f7680000)
 ParOldGen       total 120320K, used 63781K [0x0000000080c00000, 0x0000000088180000, 0x00000000d5980000)
  object space 120320K, 53% used [0x0000000080c00000,0x0000000084a49538,0x0000000088180000)
 Metaspace       used 47794K, capacity 48568K, committed 49024K, reserved 1091584K
  class space    used 5939K, capacity 6188K, committed 6272K, reserved 1048576K
Event: 20.358 GC heap after
Heap after GC invocations=14 (full 2):
 PSYoungGen      total 501760K, used 29307K [0x00000000d5980000, 0x00000000f9080000, 0x0000000100000000)
  eden space 450048K, 0% used [0x00000000d5980000,0x00000000d5980000,0x00000000f1100000)
  from space 51712K, 56% used [0x00000000f4400000,0x00000000f609ec10,0x00000000f7680000)
  to   space 52224K, 0% used [0x00000000f1100000,0x00000000f1100000,0x00000000f4400000)
 ParOldGen       total 120320K, used 69664K [0x0000000080c00000, 0x0000000088180000, 0x00000000d5980000)
  object space 120320K, 57% used [0x0000000080c00000,0x0000000085008088,0x0000000088180000)
 Metaspace       used 47794K, capacity 48568K, committed 49024K, reserved 1091584K
  class space    used 5939K, capacity 6188K, committed 6272K, reserved 1048576K
}
Event: 20.358 GC heap before
{Heap before GC invocations=15 (full 3):
 PSYoungGen      total 501760K, used 29307K [0x00000000d5980000, 0x00000000f9080000, 0x0000000100000000)
  eden space 450048K, 0% used [0x00000000d5980000,0x00000000d5980000,0x00000000f1100000)
  from space 51712K, 56% used [0x00000000f4400000,0x00000000f609ec10,0x00000000f7680000)
  to   space 52224K, 0% used [0x00000000f1100000,0x00000000f1100000,0x00000000f4400000)
 ParOldGen       total 120320K, used 69664K [0x0000000080c00000, 0x0000000088180000, 0x00000000d5980000)
  object space 120320K, 57% used [0x0000000080c00000,0x0000000085008088,0x0000000088180000)
 Metaspace       used 47794K, capacity 48568K, committed 49024K, reserved 1091584K
  class space    used 5939K, capacity 6188K, committed 6272K, reserved 1048576K
Event: 20.466 GC heap after
Heap after GC invocations=15 (full 3):
 PSYoungGen      total 501760K, used 0K [0x00000000d5980000, 0x00000000f9080000, 0x0000000100000000)
  eden space 450048K, 0% used [0x00000000d5980000,0x00000000d5980000,0x00000000f1100000)
  from space 51712K, 0% used [0x00000000f4400000,0x00000000f4400000,0x00000000f7680000)
  to   space 52224K, 0% used [0x00000000f1100000,0x00000000f1100000,0x00000000f4400000)
 ParOldGen       total 135680K, used 54753K [0x0000000080c00000, 0x0000000089080000, 0x00000000d5980000)
  object space 135680K, 40% used [0x0000000080c00000,0x00000000841787c0,0x0000000089080000)
 Metaspace       used 47794K, capacity 48568K, committed 49024K, reserved 1091584K
  class space    used 5939K, capacity 6188K, committed 6272K, reserved 1048576K
}

